# JRE version: OpenJDK Runtime Environment Corretto-21.0.3.9.1 (21.0.3+9) (build 21.0.3+9-LTS)
# Java VM: OpenJDK 64-Bit Server VM Corretto-21.0.3.9.1 (21.0.3+9-LTS, mixed mode, sharing, tiered, compressed oops, compressed class ptrs, g1 gc, windows-amd64)
GC Precious Log:
 CardTable entry size: 512
 Card Set container configuration: InlinePtr #cards 5 size 8 Array Of Cards #cards 12 size 40 Howl #buckets 4 coarsen threshold 1843 Howl Bitmap #cards 512 size 80 coarsen threshold 460 Card regions per heap region 1 cards per card region 2048
 CPUs: 16 total, 16 available
 Memory: 24024M
 Large Page Support: Disabled
 NUMA Support: Disabled
 Compressed Oops: Enabled (32-bit)
 Heap Region Size: 1M
 Heap Min Capacity: 256M
 Heap Initial Capacity: 256M
 Heap Max Capacity: 512M
 Pre-touch: Disabled
 Parallel Workers: 13
 Concurrent Workers: 3
 Concurrent Refinement Workers: 13
 Periodic GC: Disabled
Heap:
 garbage-first heap   total 343040K, used 221766K [0x00000000e0000000, 0x0000000100000000)
  region size 1024K, 117 young (119808K), 10 survivors (10240K)
 Metaspace       used 98463K, committed 100800K, reserved 458752K
  class space    used 12246K, committed 13504K, reserved 327680K
GC Heap History (20 events):
Event: 6850.202 GC heap before
{Heap before GC invocations=250 (full 0):
 garbage-first heap   total 343040K, used 298269K [0x00000000e0000000, 0x0000000100000000)
  region size 1024K, 201 young (205824K), 13 survivors (13312K)
 Metaspace       used 98691K, committed 100672K, reserved 458752K
  class space    used 12363K, committed 13504K, reserved 327680K
}
Event: 6850.209 GC heap after
{Heap after GC invocations=251 (full 0):
 garbage-first heap   total 343040K, used 109589K [0x00000000e0000000, 0x0000000100000000)
  region size 1024K, 16 young (16384K), 16 survivors (16384K)
 Metaspace       used 98691K, committed 100672K, reserved 458752K
  class space    used 12363K, committed 13504K, reserved 327680K
}
Event: 6850.695 GC heap before
{Heap before GC invocations=252 (full 0):
 garbage-first heap   total 343040K, used 299029K [0x00000000e0000000, 0x0000000100000000)
  region size 1024K, 201 young (205824K), 16 survivors (16384K)
 Metaspace       used 98691K, committed 100672K, reserved 458752K
  class space    used 12363K, committed 13504K, reserved 327680K
}
Event: 6850.707 GC heap after
{Heap after GC invocations=253 (full 0):
 garbage-first heap   total 343040K, used 112477K [0x00000000e0000000, 0x0000000100000000)
  region size 1024K, 14 young (14336K), 14 survivors (14336K)
 Metaspace       used 98691K, committed 100672K, reserved 458752K
  class space    used 12363K, committed 13504K, reserved 327680K
}
Event: 6980.399 GC heap before
{Heap before GC invocations=253 (full 0):
 garbage-first heap   total 343040K, used 303965K [0x00000000e0000000, 0x0000000100000000)
  region size 1024K, 201 young (205824K), 14 survivors (14336K)
 Metaspace       used 98732K, committed 100672K, reserved 458752K
  class space    used 12364K, committed 13504K, reserved 327680K
}
Event: 6980.410 GC heap after
{Heap after GC invocations=254 (full 0):
 garbage-first heap   total 343040K, used 103835K [0x00000000e0000000, 0x0000000100000000)
  region size 1024K, 7 young (7168K), 7 survivors (7168K)
 Metaspace       used 98732K, committed 100672K, reserved 458752K
  class space    used 12364K, committed 13504K, reserved 327680K
}
Event: 6980.938 GC heap before
{Heap before GC invocations=254 (full 0):
 garbage-first heap   total 343040K, used 161179K [0x00000000e0000000, 0x0000000100000000)
  region size 1024K, 65 young (66560K), 7 survivors (7168K)
 Metaspace       used 98763K, committed 100736K, reserved 458752K
  class space    used 12364K, committed 13504K, reserved 327680K
}
Event: 6980.943 GC heap after
{Heap after GC invocations=255 (full 0):
 garbage-first heap   total 343040K, used 107245K [0x00000000e0000000, 0x0000000100000000)
  region size 1024K, 10 young (10240K), 10 survivors (10240K)
 Metaspace       used 98763K, committed 100736K, reserved 458752K
  class space    used 12364K, committed 13504K, reserved 327680K
}
Event: 6982.302 GC heap before
{Heap before GC invocations=256 (full 0):
 garbage-first heap   total 343040K, used 307949K [0x00000000e0000000, 0x0000000100000000)
  region size 1024K, 201 young (205824K), 10 survivors (10240K)
 Metaspace       used 98785K, committed 100736K, reserved 458752K
  class space    used 12365K, committed 13504K, reserved 327680K
}
Event: 6982.311 GC heap after
{Heap after GC invocations=257 (full 0):
 garbage-first heap   total 343040K, used 110576K [0x00000000e0000000, 0x0000000100000000)
  region size 1024K, 11 young (11264K), 11 survivors (11264K)
 Metaspace       used 98785K, committed 100736K, reserved 458752K
  class space    used 12365K, committed 13504K, reserved 327680K
}
Event: 6982.509 GC heap before
{Heap before GC invocations=257 (full 0):
 garbage-first heap   total 343040K, used 305136K [0x00000000e0000000, 0x0000000100000000)
  region size 1024K, 201 young (205824K), 11 survivors (11264K)
 Metaspace       used 98785K, committed 100736K, reserved 458752K
  class space    used 12365K, committed 13504K, reserved 327680K
}
Event: 6982.516 GC heap after
{Heap after GC invocations=258 (full 0):
 garbage-first heap   total 343040K, used 105078K [0x00000000e0000000, 0x0000000100000000)
  region size 1024K, 12 young (12288K), 12 survivors (12288K)
 Metaspace       used 98785K, committed 100736K, reserved 458752K
  class space    used 12365K, committed 13504K, reserved 327680K
}
Event: 6982.766 GC heap before
{Heap before GC invocations=258 (full 0):
 garbage-first heap   total 343040K, used 298614K [0x00000000e0000000, 0x0000000100000000)
  region size 1024K, 201 young (205824K), 12 survivors (12288K)
 Metaspace       used 98785K, committed 100736K, reserved 458752K
  class space    used 12365K, committed 13504K, reserved 327680K
}
Event: 6982.772 GC heap after
{Heap after GC invocations=259 (full 0):
 garbage-first heap   total 343040K, used 108594K [0x00000000e0000000, 0x0000000100000000)
  region size 1024K, 16 young (16384K), 16 survivors (16384K)
 Metaspace       used 98785K, committed 100736K, reserved 458752K
  class space    used 12365K, committed 13504K, reserved 327680K
}
Event: 6983.190 GC heap before
{Heap before GC invocations=260 (full 0):
 garbage-first heap   total 343040K, used 298034K [0x00000000e0000000, 0x0000000100000000)
  region size 1024K, 201 young (205824K), 16 survivors (16384K)
 Metaspace       used 98791K, committed 100736K, reserved 458752K
  class space    used 12365K, committed 13504K, reserved 327680K
}
Event: 6983.197 GC heap after
{Heap after GC invocations=261 (full 0):
 garbage-first heap   total 343040K, used 111700K [0x00000000e0000000, 0x0000000100000000)
  region size 1024K, 16 young (16384K), 16 survivors (16384K)
 Metaspace       used 98791K, committed 100736K, reserved 458752K
  class space    used 12365K, committed 13504K, reserved 327680K
}
Event: 7454.240 GC heap before
{Heap before GC invocations=261 (full 0):
 garbage-first heap   total 343040K, used 300116K [0x00000000e0000000, 0x0000000100000000)
  region size 1024K, 201 young (205824K), 16 survivors (16384K)
 Metaspace       used 98877K, committed 100800K, reserved 458752K
  class space    used 12368K, committed 13504K, reserved 327680K
}
Event: 7454.254 GC heap after
{Heap after GC invocations=262 (full 0):
 garbage-first heap   total 343040K, used 106196K [0x00000000e0000000, 0x0000000100000000)
  region size 1024K, 10 young (10240K), 10 survivors (10240K)
 Metaspace       used 98877K, committed 100800K, reserved 458752K
  class space    used 12368K, committed 13504K, reserved 327680K
}
Event: 7454.322 GC heap before
{Heap before GC invocations=262 (full 0):
 garbage-first heap   total 343040K, used 112340K [0x00000000e0000000, 0x0000000100000000)
  region size 1024K, 18 young (18432K), 10 survivors (10240K)
 Metaspace       used 98877K, committed 100800K, reserved 458752K
  class space    used 12368K, committed 13504K, reserved 327680K
}
Event: 7454.327 GC heap after
{Heap after GC invocations=263 (full 0):
 garbage-first heap   total 343040K, used 106054K [0x00000000e0000000, 0x0000000100000000)
  region size 1024K, 10 young (10240K), 10 survivors (10240K)
 Metaspace       used 98877K, committed 100800K, reserved 458752K
  class space    used 12368K, committed 13504K, reserved 327680K
}

